# JRE version: Java(TM) SE Runtime Environment 18.9 (11.0.7+8) (build 11.0.7+8-LTS)
# Java VM: Java HotSpot(TM) 64-Bit Server VM 18.9 (11.0.7+8-LTS, mixed mode, tiered, compressed oops, g1 gc, windows-amd64)
Heap:
 garbage-first heap   total 260096K, used 33352K [0x0000000702600000, 0x0000000800000000)
  region size 1024K, 21 young (21504K), 13 survivors (13312K)
 Metaspace       used 47823K, capacity 49370K, committed 49616K, reserved 1091584K
  class space    used 6063K, capacity 6681K, committed 6688K, reserved 1048576K
GC Heap History (10 events):
Event: 4.053 GC heap before
{Heap before GC invocations=3 (full 0):
 garbage-first heap   total 260096K, used 40348K [0x0000000702600000, 0x0000000800000000)
  region size 1024K, 33 young (33792K), 7 survivors (7168K)
 Metaspace       used 22952K, capacity 23767K, committed 24060K, reserved 1071104K
  class space    used 2805K, capacity 3100K, committed 3148K, reserved 1048576K
}
Event: 4.058 GC heap after
{Heap after GC invocations=4 (full 0):
 garbage-first heap   total 260096K, used 14770K [0x0000000702600000, 0x0000000800000000)
  region size 1024K, 1 young (1024K), 1 survivors (1024K)
 Metaspace       used 22952K, capacity 23767K, committed 24060K, reserved 1071104K
  class space    used 2805K, capacity 3100K, committed 3148K, reserved 1048576K
}
Event: 4.460 GC heap before
{Heap before GC invocations=4 (full 0):
 garbage-first heap   total 260096K, used 89522K [0x0000000702600000, 0x0000000800000000)
  region size 1024K, 75 young (76800K), 1 survivors (1024K)
 Metaspace       used 28643K, capacity 29654K, committed 29820K, reserved 1075200K
  class space    used 3552K, capacity 3942K, committed 4044K, reserved 1048576K
}
Event: 4.464 GC heap after
{Heap after GC invocations=5 (full 0):
 garbage-first heap   total 260096K, used 17098K [0x0000000702600000, 0x0000000800000000)
  region size 1024K, 4 young (4096K), 4 survivors (4096K)
 Metaspace       used 28643K, capacity 29654K, committed 29820K, reserved 1075200K
  class space    used 3552K, capacity 3942K, committed 4044K, reserved 1048576K
}
Event: 5.468 GC heap before
{Heap before GC invocations=5 (full 0):
 garbage-first heap   total 260096K, used 122570K [0x0000000702600000, 0x0000000800000000)
  region size 1024K, 107 young (109568K), 4 survivors (4096K)
 Metaspace       used 32965K, capacity 33999K, committed 34172K, reserved 1079296K
  class space    used 4106K, capacity 4530K, committed 4556K, reserved 1048576K
}
Event: 5.474 GC heap after
{Heap after GC invocations=6 (full 0):
 garbage-first heap   total 260096K, used 20073K [0x0000000702600000, 0x0000000800000000)
  region size 1024K, 7 young (7168K), 7 survivors (7168K)
 Metaspace       used 32965K, capacity 33999K, committed 34172K, reserved 1079296K
  class space    used 4106K, capacity 4530K, committed 4556K, reserved 1048576K
}
Event: 5.724 GC heap before
{Heap before GC invocations=6 (full 0):
 garbage-first heap   total 260096K, used 44649K [0x0000000702600000, 0x0000000800000000)
  region size 1024K, 32 young (32768K), 7 survivors (7168K)
 Metaspace       used 34892K, capacity 35932K, committed 36048K, reserved 1081344K
  class space    used 4378K, capacity 4810K, committed 4896K, reserved 1048576K
}
Event: 5.731 GC heap after
{Heap after GC invocations=7 (full 0):
 garbage-first heap   total 260096K, used 20750K [0x0000000702600000, 0x0000000800000000)
  region size 1024K, 7 young (7168K), 7 survivors (7168K)
 Metaspace       used 34892K, capacity 35932K, committed 36048K, reserved 1081344K
  class space    used 4378K, capacity 4810K, committed 4896K, reserved 1048576K
}
Event: 7.941 GC heap before
{Heap before GC invocations=8 (full 0):
 garbage-first heap   total 260096K, used 173326K [0x0000000702600000, 0x0000000800000000)
  region size 1024K, 152 young (155648K), 7 survivors (7168K)
 Metaspace       used 47714K, capacity 49210K, committed 49360K, reserved 1091584K
  class space    used 6053K, capacity 6671K, committed 6688K, reserved 1048576K
}
Event: 7.950 GC heap after
{Heap after GC invocations=9 (full 0):
 garbage-first heap   total 260096K, used 26184K [0x0000000702600000, 0x0000000800000000)
  region size 1024K, 13 young (13312K), 13 survivors (13312K)
 Metaspace       used 47714K, capacity 49210K, committed 49360K, reserved 1091584K
  class space    used 6053K, capacity 6671K, committed 6688K, reserved 1048576K
}

